# JRE version: OpenJDK Runtime Environment Temurin-21.0.8+9 (21.0.8+9) (build 21.0.8+9-LTS)
# Java VM: OpenJDK 64-Bit Server VM Temurin-21.0.8+9 (21.0.8+9-LTS, mixed mode, sharing, tiered, compressed oops, compressed class ptrs, parallel gc, windows-amd64)
GC Precious Log:
 CardTable entry size: 512
 CPUs: 4 total, 4 available
 Memory: 8050M
 Large Page Support: Disabled
 NUMA Support: Disabled
 Compressed Oops: Enabled (32-bit)
 Alignments: Space 512K, Generation 512K, Heap 2M
 Heap Min Capacity: 100M
 Heap Initial Capacity: 100M
 Heap Max Capacity: 2G
 Pre-touch: Disabled
 Parallel Workers: 4
Heap:
 PSYoungGen      total 3072K, used 2382K [0x00000000d5580000, 0x00000000d5a80000, 0x0000000100000000)
  eden space 2560K, 88% used [0x00000000d5580000,0x00000000d57b3bf8,0x00000000d5800000)
  from space 512K, 25% used [0x00000000d5980000,0x00000000d59a0000,0x00000000d5a00000)
  to   space 512K, 0% used [0x00000000d5a00000,0x00000000d5a00000,0x00000000d5a80000)
 ParOldGen       total 1170432K, used 1169414K [0x0000000080000000, 0x00000000c7700000, 0x00000000d5580000)
  object space 1170432K, 99% used [0x0000000080000000,0x00000000c7601b68,0x00000000c7700000)
 Metaspace       used 88442K, committed 90048K, reserved 1179648K
  class space    used 8991K, committed 9664K, reserved 1048576K
GC Heap History (20 events):
Event: 9961.006 GC heap before
{Heap before GC invocations=1660 (full 5):
 PSYoungGen      total 3072K, used 2880K [0x00000000d5580000, 0x00000000d5980000, 0x0000000100000000)
  eden space 2560K, 100% used [0x00000000d5580000,0x00000000d5800000,0x00000000d5800000)
  from space 512K, 62% used [0x00000000d5880000,0x00000000d58d0000,0x00000000d5900000)
  to   space 512K, 0% used [0x00000000d5900000,0x00000000d5900000,0x00000000d5980000)
 ParOldGen       total 1136640K, used 1136477K [0x0000000080000000, 0x00000000c5600000, 0x00000000d5580000)
  object space 1136640K, 99% used [0x0000000080000000,0x00000000c55d77e0,0x00000000c5600000)
 Metaspace       used 88371K, committed 90048K, reserved 1179648K
  class space    used 8991K, committed 9664K, reserved 1048576K
}
Event: 9961.011 GC heap after
{Heap after GC invocations=1660 (full 5):
 PSYoungGen      total 3584K, used 256K [0x00000000d5580000, 0x00000000d5980000, 0x0000000100000000)
  eden space 3072K, 0% used [0x00000000d5580000,0x00000000d5580000,0x00000000d5880000)
  from space 512K, 50% used [0x00000000d5900000,0x00000000d5940000,0x00000000d5980000)
  to   space 512K, 0% used [0x00000000d5880000,0x00000000d5880000,0x00000000d5900000)
 ParOldGen       total 1137152K, used 1136774K [0x0000000080000000, 0x00000000c5680000, 0x00000000d5580000)
  object space 1137152K, 99% used [0x0000000080000000,0x00000000c5621800,0x00000000c5680000)
 Metaspace       used 88371K, committed 90048K, reserved 1179648K
  class space    used 8991K, committed 9664K, reserved 1048576K
}
Event: 9961.073 GC heap before
{Heap before GC invocations=1661 (full 5):
 PSYoungGen      total 3584K, used 3307K [0x00000000d5580000, 0x00000000d5980000, 0x0000000100000000)
  eden space 3072K, 99% used [0x00000000d5580000,0x00000000d587ac80,0x00000000d5880000)
  from space 512K, 50% used [0x00000000d5900000,0x00000000d5940000,0x00000000d5980000)
  to   space 512K, 0% used [0x00000000d5880000,0x00000000d5880000,0x00000000d5900000)
 ParOldGen       total 1137152K, used 1136774K [0x0000000080000000, 0x00000000c5680000, 0x00000000d5580000)
  object space 1137152K, 99% used [0x0000000080000000,0x00000000c5621800,0x00000000c5680000)
 Metaspace       used 88371K, committed 90048K, reserved 1179648K
  class space    used 8991K, committed 9664K, reserved 1048576K
}
Event: 9961.081 GC heap after
{Heap after GC invocations=1661 (full 5):
 PSYoungGen      total 3584K, used 480K [0x00000000d5580000, 0x00000000d5b80000, 0x0000000100000000)
  eden space 3072K, 0% used [0x00000000d5580000,0x00000000d5580000,0x00000000d5880000)
  from space 512K, 93% used [0x00000000d5880000,0x00000000d58f8000,0x00000000d5900000)
  to   space 1024K, 0% used [0x00000000d5a80000,0x00000000d5a80000,0x00000000d5b80000)
 ParOldGen       total 1137152K, used 1136966K [0x0000000080000000, 0x00000000c5680000, 0x00000000d5580000)
  object space 1137152K, 99% used [0x0000000080000000,0x00000000c5651820,0x00000000c5680000)
 Metaspace       used 88371K, committed 90048K, reserved 1179648K
  class space    used 8991K, committed 9664K, reserved 1048576K
}
Event: 9961.104 GC heap before
{Heap before GC invocations=1662 (full 5):
 PSYoungGen      total 3584K, used 3552K [0x00000000d5580000, 0x00000000d5b80000, 0x0000000100000000)
  eden space 3072K, 100% used [0x00000000d5580000,0x00000000d5880000,0x00000000d5880000)
  from space 512K, 93% used [0x00000000d5880000,0x00000000d58f8000,0x00000000d5900000)
  to   space 1024K, 0% used [0x00000000d5a80000,0x00000000d5a80000,0x00000000d5b80000)
 ParOldGen       total 1137152K, used 1136966K [0x0000000080000000, 0x00000000c5680000, 0x00000000d5580000)
  object space 1137152K, 99% used [0x0000000080000000,0x00000000c5651820,0x00000000c5680000)
 Metaspace       used 88371K, committed 90048K, reserved 1179648K
  class space    used 8991K, committed 9664K, reserved 1048576K
}
Event: 9961.110 GC heap after
{Heap after GC invocations=1662 (full 5):
 PSYoungGen      total 3072K, used 995K [0x00000000d5580000, 0x00000000d5f80000, 0x0000000100000000)
  eden space 2048K, 0% used [0x00000000d5580000,0x00000000d5580000,0x00000000d5780000)
  from space 1024K, 97% used [0x00000000d5a80000,0x00000000d5b78f00,0x00000000d5b80000)
  to   space 3072K, 0% used [0x00000000d5780000,0x00000000d5780000,0x00000000d5a80000)
 ParOldGen       total 1138688K, used 1138275K [0x0000000080000000, 0x00000000c5800000, 0x00000000d5580000)
  object space 1138688K, 99% used [0x0000000080000000,0x00000000c5798e28,0x00000000c5800000)
 Metaspace       used 88371K, committed 90048K, reserved 1179648K
  class space    used 8991K, committed 9664K, reserved 1048576K
}
Event: 9961.124 GC heap before
{Heap before GC invocations=1663 (full 5):
 PSYoungGen      total 3072K, used 3043K [0x00000000d5580000, 0x00000000d5f80000, 0x0000000100000000)
  eden space 2048K, 100% used [0x00000000d5580000,0x00000000d5780000,0x00000000d5780000)
  from space 1024K, 97% used [0x00000000d5a80000,0x00000000d5b78f00,0x00000000d5b80000)
  to   space 3072K, 0% used [0x00000000d5780000,0x00000000d5780000,0x00000000d5a80000)
 ParOldGen       total 1138688K, used 1138275K [0x0000000080000000, 0x00000000c5800000, 0x00000000d5580000)
  object space 1138688K, 99% used [0x0000000080000000,0x00000000c5798e28,0x00000000c5800000)
 Metaspace       used 88371K, committed 90048K, reserved 1179648K
  class space    used 8991K, committed 9664K, reserved 1048576K
}
Event: 9961.130 GC heap after
{Heap after GC invocations=1663 (full 5):
 PSYoungGen      total 2560K, used 96K [0x00000000d5580000, 0x00000000d5b00000, 0x0000000100000000)
  eden space 2048K, 0% used [0x00000000d5580000,0x00000000d5580000,0x00000000d5780000)
  from space 512K, 18% used [0x00000000d5780000,0x00000000d5798000,0x00000000d5800000)
  to   space 1024K, 0% used [0x00000000d5a00000,0x00000000d5a00000,0x00000000d5b00000)
 ParOldGen       total 1138688K, used 1138454K [0x0000000080000000, 0x00000000c5800000, 0x00000000d5580000)
  object space 1138688K, 99% used [0x0000000080000000,0x00000000c57c5b38,0x00000000c5800000)
 Metaspace       used 88371K, committed 90048K, reserved 1179648K
  class space    used 8991K, committed 9664K, reserved 1048576K
}
Event: 9965.098 GC heap before
{Heap before GC invocations=1664 (full 5):
 PSYoungGen      total 2560K, used 2144K [0x00000000d5580000, 0x00000000d5b00000, 0x0000000100000000)
  eden space 2048K, 100% used [0x00000000d5580000,0x00000000d5780000,0x00000000d5780000)
  from space 512K, 18% used [0x00000000d5780000,0x00000000d5798000,0x00000000d5800000)
  to   space 1024K, 0% used [0x00000000d5a00000,0x00000000d5a00000,0x00000000d5b00000)
 ParOldGen       total 1138688K, used 1138454K [0x0000000080000000, 0x00000000c5800000, 0x00000000d5580000)
  object space 1138688K, 99% used [0x0000000080000000,0x00000000c57c5b38,0x00000000c5800000)
 Metaspace       used 88371K, committed 90048K, reserved 1179648K
  class space    used 8991K, committed 9664K, reserved 1048576K
}
Event: 9965.101 GC heap after
{Heap after GC invocations=1664 (full 5):
 PSYoungGen      total 3072K, used 128K [0x00000000d5580000, 0x00000000d5a80000, 0x0000000100000000)
  eden space 2560K, 0% used [0x00000000d5580000,0x00000000d5580000,0x00000000d5800000)
  from space 512K, 25% used [0x00000000d5a00000,0x00000000d5a20000,0x00000000d5a80000)
  to   space 512K, 0% used [0x00000000d5980000,0x00000000d5980000,0x00000000d5a00000)
 ParOldGen       total 1138688K, used 1138486K [0x0000000080000000, 0x00000000c5800000, 0x00000000d5580000)
  object space 1138688K, 99% used [0x0000000080000000,0x00000000c57cdb38,0x00000000c5800000)
 Metaspace       used 88371K, committed 90048K, reserved 1179648K
  class space    used 8991K, committed 9664K, reserved 1048576K
}
Event: 11790.282 GC heap before
{Heap before GC invocations=1665 (full 5):
 PSYoungGen      total 3072K, used 2687K [0x00000000d5580000, 0x00000000d5a80000, 0x0000000100000000)
  eden space 2560K, 99% used [0x00000000d5580000,0x00000000d57ffff8,0x00000000d5800000)
  from space 512K, 25% used [0x00000000d5a00000,0x00000000d5a20000,0x00000000d5a80000)
  to   space 512K, 0% used [0x00000000d5980000,0x00000000d5980000,0x00000000d5a00000)
 ParOldGen       total 1138688K, used 1138486K [0x0000000080000000, 0x00000000c5800000, 0x00000000d5580000)
  object space 1138688K, 99% used [0x0000000080000000,0x00000000c57cdb38,0x00000000c5800000)
 Metaspace       used 88401K, committed 90048K, reserved 1179648K
  class space    used 8991K, committed 9664K, reserved 1048576K
}
Event: 11790.727 GC heap after
{Heap after GC invocations=1665 (full 5):
 PSYoungGen      total 3072K, used 128K [0x00000000d5580000, 0x00000000d5a80000, 0x0000000100000000)
  eden space 2560K, 0% used [0x00000000d5580000,0x00000000d5580000,0x00000000d5800000)
  from space 512K, 25% used [0x00000000d5980000,0x00000000d59a0000,0x00000000d5a00000)
  to   space 512K, 0% used [0x00000000d5a00000,0x00000000d5a00000,0x00000000d5a80000)
 ParOldGen       total 1138688K, used 1138542K [0x0000000080000000, 0x00000000c5800000, 0x00000000d5580000)
  object space 1138688K, 99% used [0x0000000080000000,0x00000000c57dbb38,0x00000000c5800000)
 Metaspace       used 88401K, committed 90048K, reserved 1179648K
  class space    used 8991K, committed 9664K, reserved 1048576K
}
Event: 12559.208 GC heap before
{Heap before GC invocations=1666 (full 5):
 PSYoungGen      total 3072K, used 2688K [0x00000000d5580000, 0x00000000d5a80000, 0x0000000100000000)
  eden space 2560K, 100% used [0x00000000d5580000,0x00000000d5800000,0x00000000d5800000)
  from space 512K, 25% used [0x00000000d5980000,0x00000000d59a0000,0x00000000d5a00000)
  to   space 512K, 0% used [0x00000000d5a00000,0x00000000d5a00000,0x00000000d5a80000)
 ParOldGen       total 1138688K, used 1138542K [0x0000000080000000, 0x00000000c5800000, 0x00000000d5580000)
  object space 1138688K, 99% used [0x0000000080000000,0x00000000c57dbb38,0x00000000c5800000)
 Metaspace       used 88401K, committed 90048K, reserved 1179648K
  class space    used 8991K, committed 9664K, reserved 1048576K
}
Event: 12559.547 GC heap after
{Heap after GC invocations=1666 (full 5):
 PSYoungGen      total 3072K, used 96K [0x00000000d5580000, 0x00000000d5a80000, 0x0000000100000000)
  eden space 2560K, 0% used [0x00000000d5580000,0x00000000d5580000,0x00000000d5800000)
  from space 512K, 18% used [0x00000000d5a00000,0x00000000d5a18000,0x00000000d5a80000)
  to   space 512K, 0% used [0x00000000d5980000,0x00000000d5980000,0x00000000d5a00000)
 ParOldGen       total 1138688K, used 1138566K [0x0000000080000000, 0x00000000c5800000, 0x00000000d5580000)
  object space 1138688K, 99% used [0x0000000080000000,0x00000000c57e1b38,0x00000000c5800000)
 Metaspace       used 88401K, committed 90048K, reserved 1179648K
  class space    used 8991K, committed 9664K, reserved 1048576K
}
Event: 14102.865 GC heap before
{Heap before GC invocations=1667 (full 5):
 PSYoungGen      total 3072K, used 2646K [0x00000000d5580000, 0x00000000d5a80000, 0x0000000100000000)
  eden space 2560K, 99% used [0x00000000d5580000,0x00000000d57fd890,0x00000000d5800000)
  from space 512K, 18% used [0x00000000d5a00000,0x00000000d5a18000,0x00000000d5a80000)
  to   space 512K, 0% used [0x00000000d5980000,0x00000000d5980000,0x00000000d5a00000)
 ParOldGen       total 1138688K, used 1138566K [0x0000000080000000, 0x00000000c5800000, 0x00000000d5580000)
  object space 1138688K, 99% used [0x0000000080000000,0x00000000c57e1b38,0x00000000c5800000)
 Metaspace       used 88409K, committed 90048K, reserved 1179648K
  class space    used 8991K, committed 9664K, reserved 1048576K
}
Event: 14103.156 GC heap after
{Heap after GC invocations=1667 (full 5):
 PSYoungGen      total 3072K, used 176K [0x00000000d5580000, 0x00000000d5a80000, 0x0000000100000000)
  eden space 2560K, 0% used [0x00000000d5580000,0x00000000d5580000,0x00000000d5800000)
  from space 512K, 34% used [0x00000000d5980000,0x00000000d59ac010,0x00000000d5a00000)
  to   space 512K, 0% used [0x00000000d5a00000,0x00000000d5a00000,0x00000000d5a80000)
 ParOldGen       total 1138688K, used 1138582K [0x0000000080000000, 0x00000000c5800000, 0x00000000d5580000)
  object space 1138688K, 99% used [0x0000000080000000,0x00000000c57e5b38,0x00000000c5800000)
 Metaspace       used 88409K, committed 90048K, reserved 1179648K
  class space    used 8991K, committed 9664K, reserved 1048576K
}
Event: 14103.904 GC heap before
{Heap before GC invocations=1668 (full 5):
 PSYoungGen      total 3072K, used 2736K [0x00000000d5580000, 0x00000000d5a80000, 0x0000000100000000)
  eden space 2560K, 100% used [0x00000000d5580000,0x00000000d5800000,0x00000000d5800000)
  from space 512K, 34% used [0x00000000d5980000,0x00000000d59ac010,0x00000000d5a00000)
  to   space 512K, 0% used [0x00000000d5a00000,0x00000000d5a00000,0x00000000d5a80000)
 ParOldGen       total 1170432K, used 1169302K [0x0000000080000000, 0x00000000c7700000, 0x00000000d5580000)
  object space 1170432K, 99% used [0x0000000080000000,0x00000000c75e5b68,0x00000000c7700000)
 Metaspace       used 88410K, committed 90048K, reserved 1179648K
  class space    used 8991K, committed 9664K, reserved 1048576K
}
Event: 14103.915 GC heap after
{Heap after GC invocations=1668 (full 5):
 PSYoungGen      total 3072K, used 160K [0x00000000d5580000, 0x00000000d5a80000, 0x0000000100000000)
  eden space 2560K, 0% used [0x00000000d5580000,0x00000000d5580000,0x00000000d5800000)
  from space 512K, 31% used [0x00000000d5a00000,0x00000000d5a28000,0x00000000d5a80000)
  to   space 512K, 0% used [0x00000000d5980000,0x00000000d5980000,0x00000000d5a00000)
 ParOldGen       total 1170432K, used 1169382K [0x0000000080000000, 0x00000000c7700000, 0x00000000d5580000)
  object space 1170432K, 99% used [0x0000000080000000,0x00000000c75f9b68,0x00000000c7700000)
 Metaspace       used 88410K, committed 90048K, reserved 1179648K
  class space    used 8991K, committed 9664K, reserved 1048576K
}
Event: 14403.247 GC heap before
{Heap before GC invocations=1669 (full 5):
 PSYoungGen      total 3072K, used 2720K [0x00000000d5580000, 0x00000000d5a80000, 0x0000000100000000)
  eden space 2560K, 100% used [0x00000000d5580000,0x00000000d5800000,0x00000000d5800000)
  from space 512K, 31% used [0x00000000d5a00000,0x00000000d5a28000,0x00000000d5a80000)
  to   space 512K, 0% used [0x00000000d5980000,0x00000000d5980000,0x00000000d5a00000)
 ParOldGen       total 1170432K, used 1169382K [0x0000000080000000, 0x00000000c7700000, 0x00000000d5580000)
  object space 1170432K, 99% used [0x0000000080000000,0x00000000c75f9b68,0x00000000c7700000)
 Metaspace       used 88422K, committed 90048K, reserved 1179648K
  class space    used 8991K, committed 9664K, reserved 1048576K
}
Event: 14403.515 GC heap after
{Heap after GC invocations=1669 (full 5):
 PSYoungGen      total 3072K, used 128K [0x00000000d5580000, 0x00000000d5a80000, 0x0000000100000000)
  eden space 2560K, 0% used [0x00000000d5580000,0x00000000d5580000,0x00000000d5800000)
  from space 512K, 25% used [0x00000000d5980000,0x00000000d59a0000,0x00000000d5a00000)
  to   space 512K, 0% used [0x00000000d5a00000,0x00000000d5a00000,0x00000000d5a80000)
 ParOldGen       total 1170432K, used 1169414K [0x0000000080000000, 0x00000000c7700000, 0x00000000d5580000)
  object space 1170432K, 99% used [0x0000000080000000,0x00000000c7601b68,0x00000000c7700000)
 Metaspace       used 88422K, committed 90048K, reserved 1179648K
  class space    used 8991K, committed 9664K, reserved 1048576K
}

