# JRE version: Java(TM) SE Runtime Environment (21.0.6+8) (build 21.0.6+8-LTS-188)
# Java VM: Java HotSpot(TM) 64-Bit Server VM (21.0.6+8-LTS-188, mixed mode, sharing, tiered, compressed oops, compressed class ptrs, g1 gc, windows-amd64)
GC Precious Log:
 CardTable entry size: 512
 Card Set container configuration: InlinePtr #cards 5 size 8 Array Of Cards #cards 12 size 40 Howl #buckets 4 coarsen threshold 1843 Howl Bitmap #cards 512 size 80 coarsen threshold 460 Card regions per heap region 1 cards per card region 2048
 CPUs: 4 total, 4 available
 Memory: 8050M
 Large Page Support: Disabled
 NUMA Support: Disabled
 Compressed Oops: Enabled (32-bit)
 Heap Region Size: 1M
 Heap Min Capacity: 8M
 Heap Initial Capacity: 126M
 Heap Max Capacity: 2014M
 Pre-touch: Disabled
 Parallel Workers: 4
 Concurrent Workers: 1
 Concurrent Refinement Workers: 4
 Periodic GC: Disabled
Heap:
 garbage-first heap   total 51200K, used 25402K [0x0000000082200000, 0x0000000100000000)
  region size 1024K, 5 young (5120K), 2 survivors (2048K)
 Metaspace       used 35177K, committed 35712K, reserved 1114112K
  class space    used 4491K, committed 4736K, reserved 1048576K
GC Heap History (16 events):
Event: 1.320 GC heap before
{Heap before GC invocations=0 (full 0):
 garbage-first heap   total 129024K, used 14336K [0x0000000082200000, 0x0000000100000000)
  region size 1024K, 13 young (13312K), 0 survivors (0K)
 Metaspace       used 2835K, committed 2944K, reserved 1114112K
  class space    used 279K, committed 320K, reserved 1048576K
}
Event: 1.328 GC heap after
{Heap after GC invocations=1 (full 0):
 garbage-first heap   total 129024K, used 7974K [0x0000000082200000, 0x0000000100000000)
  region size 1024K, 2 young (2048K), 2 survivors (2048K)
 Metaspace       used 2835K, committed 2944K, reserved 1114112K
  class space    used 279K, committed 320K, reserved 1048576K
}
Event: 1.920 GC heap before
{Heap before GC invocations=1 (full 0):
 garbage-first heap   total 129024K, used 18214K [0x0000000082200000, 0x0000000100000000)
  region size 1024K, 13 young (13312K), 2 survivors (2048K)
 Metaspace       used 5642K, committed 5824K, reserved 1114112K
  class space    used 645K, committed 704K, reserved 1048576K
}
Event: 1.923 GC heap after
{Heap after GC invocations=2 (full 0):
 garbage-first heap   total 129024K, used 8788K [0x0000000082200000, 0x0000000100000000)
  region size 1024K, 1 young (1024K), 1 survivors (1024K)
 Metaspace       used 5642K, committed 5824K, reserved 1114112K
  class space    used 645K, committed 704K, reserved 1048576K
}
Event: 3.435 GC heap before
{Heap before GC invocations=2 (full 0):
 garbage-first heap   total 129024K, used 42580K [0x0000000082200000, 0x0000000100000000)
  region size 1024K, 35 young (35840K), 1 survivors (1024K)
 Metaspace       used 14826K, committed 15104K, reserved 1114112K
  class space    used 1975K, committed 2112K, reserved 1048576K
}
Event: 3.443 GC heap after
{Heap after GC invocations=3 (full 0):
 garbage-first heap   total 129024K, used 11724K [0x0000000082200000, 0x0000000100000000)
  region size 1024K, 4 young (4096K), 4 survivors (4096K)
 Metaspace       used 14826K, committed 15104K, reserved 1114112K
  class space    used 1975K, committed 2112K, reserved 1048576K
}
Event: 4.406 GC heap before
{Heap before GC invocations=3 (full 0):
 garbage-first heap   total 129024K, used 41420K [0x0000000082200000, 0x0000000100000000)
  region size 1024K, 35 young (35840K), 4 survivors (4096K)
 Metaspace       used 21176K, committed 21504K, reserved 1114112K
  class space    used 2657K, committed 2816K, reserved 1048576K
}
Event: 4.415 GC heap after
{Heap after GC invocations=4 (full 0):
 garbage-first heap   total 129024K, used 15021K [0x0000000082200000, 0x0000000100000000)
  region size 1024K, 7 young (7168K), 7 survivors (7168K)
 Metaspace       used 21176K, committed 21504K, reserved 1114112K
  class space    used 2657K, committed 2816K, reserved 1048576K
}
Event: 5.570 GC heap before
{Heap before GC invocations=5 (full 0):
 garbage-first heap   total 51200K, used 37549K [0x0000000082200000, 0x0000000100000000)
  region size 1024K, 30 young (30720K), 7 survivors (7168K)
 Metaspace       used 23974K, committed 24384K, reserved 1114112K
  class space    used 3024K, committed 3200K, reserved 1048576K
}
Event: 5.586 GC heap after
{Heap after GC invocations=6 (full 0):
 garbage-first heap   total 51200K, used 17252K [0x0000000082200000, 0x0000000100000000)
  region size 1024K, 3 young (3072K), 3 survivors (3072K)
 Metaspace       used 23974K, committed 24384K, reserved 1114112K
  class space    used 3024K, committed 3200K, reserved 1048576K
}
Event: 6.903 GC heap before
{Heap before GC invocations=6 (full 0):
 garbage-first heap   total 51200K, used 39780K [0x0000000082200000, 0x0000000100000000)
  region size 1024K, 25 young (25600K), 3 survivors (3072K)
 Metaspace       used 27473K, committed 27904K, reserved 1114112K
  class space    used 3475K, committed 3648K, reserved 1048576K
}
Event: 6.910 GC heap after
{Heap after GC invocations=7 (full 0):
 garbage-first heap   total 51200K, used 19015K [0x0000000082200000, 0x0000000100000000)
  region size 1024K, 2 young (2048K), 2 survivors (2048K)
 Metaspace       used 27473K, committed 27904K, reserved 1114112K
  class space    used 3475K, committed 3648K, reserved 1048576K
}
Event: 10.041 GC heap before
{Heap before GC invocations=7 (full 0):
 garbage-first heap   total 51200K, used 41543K [0x0000000082200000, 0x0000000100000000)
  region size 1024K, 24 young (24576K), 2 survivors (2048K)
 Metaspace       used 31265K, committed 31744K, reserved 1114112K
  class space    used 4039K, committed 4224K, reserved 1048576K
}
Event: 10.047 GC heap after
{Heap after GC invocations=8 (full 0):
 garbage-first heap   total 51200K, used 21424K [0x0000000082200000, 0x0000000100000000)
  region size 1024K, 3 young (3072K), 3 survivors (3072K)
 Metaspace       used 31265K, committed 31744K, reserved 1114112K
  class space    used 4039K, committed 4224K, reserved 1048576K
}
Event: 16.057 GC heap before
{Heap before GC invocations=8 (full 0):
 garbage-first heap   total 51200K, used 40880K [0x0000000082200000, 0x0000000100000000)
  region size 1024K, 23 young (23552K), 3 survivors (3072K)
 Metaspace       used 34657K, committed 35200K, reserved 1114112K
  class space    used 4416K, committed 4672K, reserved 1048576K
}
Event: 16.071 GC heap after
{Heap after GC invocations=9 (full 0):
 garbage-first heap   total 51200K, used 23354K [0x0000000082200000, 0x0000000100000000)
  region size 1024K, 2 young (2048K), 2 survivors (2048K)
 Metaspace       used 34657K, committed 35200K, reserved 1114112K
  class space    used 4416K, committed 4672K, reserved 1048576K
}

